<?xml version="1.0" encoding="UTF-8"?>
<!-- Generated by org.testng.reporters.JUnitReportReporter -->
<testsuite hostname="Prish_HP" failures="0" tests="3" name="com.tutorialsninja.demo.testsuite.TopMenuTest" time="17.192" errors="0" timestamp="2023-12-11T20:32:44 GMT" skipped="0">
  <testcase classname="com.tutorialsninja.demo.testsuite.TopMenuTest" name="verifyUserShouldNavigateToDesktopsPageSuccessfully" time="5.859">
    <system-out>
      <![CDATA[Hovering and Clicking on desktop [[ChromeDriver: chrome on windows (a8fb44e52b11b811474f7cf021efb09a)] -> link text: Desktops]
Clicking on Show all Desktops[[ChromeDriver: chrome on windows (a8fb44e52b11b811474f7cf021efb09a)] -> xpath: //a[normalize-space()='Show AllDesktops']]
Getting desktop text [[ChromeDriver: chrome on windows (a8fb44e52b11b811474f7cf021efb09a)] -> xpath: //h2[contains(text(),'Desktops')]]]]>
    </system-out>
  </testcase> <!-- verifyUserShouldNavigateToDesktopsPageSuccessfully -->
  <testcase classname="com.tutorialsninja.demo.testsuite.TopMenuTest" name="verifyUserShouldNavigateToComponentsPageSuccessfully" time="5.602">
    <system-out>
      <![CDATA[Hovering and Clicking on components [[ChromeDriver: chrome on windows (16d8cb8b343d51dd1a5be2e122df4d78)] -> link text: Components]
Clicking on Show all Desktops[[ChromeDriver: chrome on windows (16d8cb8b343d51dd1a5be2e122df4d78)] -> xpath: //a[normalize-space()='Show AllComponents']]
Getting components text [[ChromeDriver: chrome on windows (16d8cb8b343d51dd1a5be2e122df4d78)] -> xpath: //h2[contains(text(),'Components')]]]]>
    </system-out>
  </testcase> <!-- verifyUserShouldNavigateToComponentsPageSuccessfully -->
  <testcase classname="com.tutorialsninja.demo.testsuite.TopMenuTest" name="verifyUserShouldNavigateToLaptopsAndNotebooksPageSuccessfully" time="5.731">
    <system-out>
      <![CDATA[Hovering and Clicking on laptops and notebooks [[ChromeDriver: chrome on windows (010ba0cd3785b7a1628a3e876b791a3a)] -> link text: Laptops & Notebooks]
Clicking on Show all Desktops[[ChromeDriver: chrome on windows (010ba0cd3785b7a1628a3e876b791a3a)] -> xpath: //a[normalize-space()='Show AllLaptops & Notebooks']]]]>
    </system-out>
  </testcase> <!-- verifyUserShouldNavigateToLaptopsAndNotebooksPageSuccessfully -->
  <system-out>
    <![CDATA[Clicking on Show all Desktops[[ChromeDriver: chrome on windows (9e1f15bf63221c2e7617d81da1821f59)] -> xpath: //a[normalize-space()='Show AllDesktops']]
select A to Zfrom[[ChromeDriver: chrome on windows (9e1f15bf63221c2e7617d81da1821f59)] -> id: input-sort]
Clicking on product HPLP3065 [[ChromeDriver: chrome on windows (9e1f15bf63221c2e7617d81da1821f59)] -> xpath: //a[contains(text(),'HP LP3065')]]
Getting HPLP3065 text [[ChromeDriver: chrome on windows (9e1f15bf63221c2e7617d81da1821f59)] -> xpath: //h1[contains(text(),'HP LP3065')]]
clearing current quantity and adding the specified amount
Clicking on add to cart Button [[ChromeDriver: chrome on windows (9e1f15bf63221c2e7617d81da1821f59)] -> xpath: //button[@id='button-cart']]
Verifying if success message contains Success: You have added HP LP3065 to your shopping cart!
Clicking on shopping cart [[ChromeDriver: chrome on windows (9e1f15bf63221c2e7617d81da1821f59)] -> xpath: //div[@class='alert alert-success alert-dismissible']/a[2]]
Verifying if success message contains Shopping Cart
Verifying if success message contains 2022-11-30
Hovering and Clicking on desktop [[ChromeDriver: chrome on windows (3d4d8867f6b8133e9f22e2db67661fb8)] -> link text: Desktops]
Clicking on Show all Desktops[[ChromeDriver: chrome on windows (3d4d8867f6b8133e9f22e2db67661fb8)] -> xpath: //a[normalize-space()='Show AllDesktops']]
Clicking on sort by button [[ChromeDriver: chrome on windows (3d4d8867f6b8133e9f22e2db67661fb8)] -> id: input-sort]
selectName (Z - A)from[[ChromeDriver: chrome on windows (3d4d8867f6b8133e9f22e2db67661fb8)] -> id: input-sort]
Hovering and Clicking on laptops and notebooks [[ChromeDriver: chrome on windows (fa1e2c13aa80faae1c10e1be903de85f)] -> link text: Laptops & Notebooks]
Clicking on Show all Desktops[[ChromeDriver: chrome on windows (fa1e2c13aa80faae1c10e1be903de85f)] -> xpath: //a[normalize-space()='Show AllLaptops & Notebooks']]
selecting Price (High > Low)
Clicking on Show all Desktops[[ChromeDriver: chrome on windows (ee3bcec7d80c05a8cad70f8e73995c5b)] -> xpath: //a[normalize-space()='Show AllLaptops & Notebooks']]
Clicking on my account [[ChromeDriver: chrome on windows (2db9fa6f8e15d2fa75d6cc5d2b172915)] -> xpath: //span[contains(text(),'My Account')]]
Enter first nameSnehato field [[ChromeDriver: chrome on windows (2db9fa6f8e15d2fa75d6cc5d2b172915)] -> name: firstname]
Enter last nameShahto field [[ChromeDriver: chrome on windows (2db9fa6f8e15d2fa75d6cc5d2b172915)] -> name: lastname]
Enter emailsneha123@gmail.comto email field [[ChromeDriver: chrome on windows (2db9fa6f8e15d2fa75d6cc5d2b172915)] -> name: email]
Enter telephone07564123785to field [[ChromeDriver: chrome on windows (2db9fa6f8e15d2fa75d6cc5d2b172915)] -> name: telephone]
Enter passwordshah123to field [[ChromeDriver: chrome on windows (2db9fa6f8e15d2fa75d6cc5d2b172915)] -> name: password]
Enter emailshah123to email field [[ChromeDriver: chrome on windows (2db9fa6f8e15d2fa75d6cc5d2b172915)] -> name: confirm]
Clicking on subscribe [[ChromeDriver: chrome on windows (2db9fa6f8e15d2fa75d6cc5d2b172915)] -> name: newsletter]
Clicking on privacy policy [[ChromeDriver: chrome on windows (2db9fa6f8e15d2fa75d6cc5d2b172915)] -> name: agree]
Clicking on continue [[ChromeDriver: chrome on windows (2db9fa6f8e15d2fa75d6cc5d2b172915)] -> xpath: //input[@type='submit']]
Getting account creation text [[ChromeDriver: chrome on windows (2db9fa6f8e15d2fa75d6cc5d2b172915)] -> xpath: //div[@id='content']/h1]
Clicking on my account [[ChromeDriver: chrome on windows (8cf24e4b54870ab399c16c0cbb4f8d06)] -> xpath: //span[contains(text(),'My Account')]]
Enter emailsneha123@gmail.comto  field [[ChromeDriver: chrome on windows (8cf24e4b54870ab399c16c0cbb4f8d06)] -> name: email]
Enter passwordshah123to field [[ChromeDriver: chrome on windows (8cf24e4b54870ab399c16c0cbb4f8d06)] -> name: password]
Clicking on Login Button [[ChromeDriver: chrome on windows (8cf24e4b54870ab399c16c0cbb4f8d06)] -> xpath: //input[@value='Login']]
Getting my account text Proxy element for: DefaultElementLocator 'By.xpath: //div[@id='content']/h2[text()='My Account']'
Clicking on my account [[ChromeDriver: chrome on windows (6963d31877e0500a9833b26802c04244)] -> xpath: //span[contains(text(),'My Account')]]
Getting login account text [[ChromeDriver: chrome on windows (6963d31877e0500a9833b26802c04244)] -> xpath: //h2[contains(text(),'Returning Customer')]]
Clicking on my account [[ChromeDriver: chrome on windows (20dd0e4eb4c6adb762ed97de5c6f87a7)] -> xpath: //span[contains(text(),'My Account')]]
Getting register account text [[ChromeDriver: chrome on windows (20dd0e4eb4c6adb762ed97de5c6f87a7)] -> xpath: //h1[contains(text(),'Register Account')]]
Hovering and Clicking on components [[ChromeDriver: chrome on windows (16d8cb8b343d51dd1a5be2e122df4d78)] -> link text: Components]
Clicking on Show all Desktops[[ChromeDriver: chrome on windows (16d8cb8b343d51dd1a5be2e122df4d78)] -> xpath: //a[normalize-space()='Show AllComponents']]
Getting components text [[ChromeDriver: chrome on windows (16d8cb8b343d51dd1a5be2e122df4d78)] -> xpath: //h2[contains(text(),'Components')]]
Hovering and Clicking on desktop [[ChromeDriver: chrome on windows (a8fb44e52b11b811474f7cf021efb09a)] -> link text: Desktops]
Clicking on Show all Desktops[[ChromeDriver: chrome on windows (a8fb44e52b11b811474f7cf021efb09a)] -> xpath: //a[normalize-space()='Show AllDesktops']]
Getting desktop text [[ChromeDriver: chrome on windows (a8fb44e52b11b811474f7cf021efb09a)] -> xpath: //h2[contains(text(),'Desktops')]]
Hovering and Clicking on laptops and notebooks [[ChromeDriver: chrome on windows (010ba0cd3785b7a1628a3e876b791a3a)] -> link text: Laptops & Notebooks]
Clicking on Show all Desktops[[ChromeDriver: chrome on windows (010ba0cd3785b7a1628a3e876b791a3a)] -> xpath: //a[normalize-space()='Show AllLaptops & Notebooks']]]]>
  </system-out>
</testsuite> <!-- com.tutorialsninja.demo.testsuite.TopMenuTest -->
